[0.028s] Invoking command in '/home/yuta/CatchRobo2023/ros2_ws/build/inverse_kinematics_package': CMAKE_PREFIX_PATH=/opt/ros/humble /usr/bin/cmake /home/yuta/CatchRobo2023/ros2_ws/src/inverse_kinematics_package -DCMAKE_INSTALL_PREFIX=/home/yuta/CatchRobo2023/ros2_ws/install/inverse_kinematics_package
[0.257s] -- The C compiler identification is GNU 11.4.0
[0.425s] -- The CXX compiler identification is GNU 11.4.0
[0.441s] -- Detecting C compiler ABI info
[0.528s] -- Detecting C compiler ABI info - done
[0.537s] -- Check for working C compiler: /usr/bin/cc - skipped
[0.538s] -- Detecting C compile features
[0.539s] -- Detecting C compile features - done
[0.545s] -- Detecting CXX compiler ABI info
[0.637s] -- Detecting CXX compiler ABI info - done
[0.646s] -- Check for working CXX compiler: /usr/bin/c++ - skipped
[0.647s] -- Detecting CXX compile features
[0.647s] -- Detecting CXX compile features - done
[0.670s] -- Found ament_cmake: 1.3.5 (/opt/ros/humble/share/ament_cmake/cmake)
[0.876s] -- Found Python3: /usr/bin/python3.10 (found version "3.10.12") found components: Interpreter 
[1.016s] -- Found ament_lint_auto: 0.12.7 (/opt/ros/humble/share/ament_lint_auto/cmake)
[1.123s] -- Added test 'cppcheck' to perform static code analysis on C / C++ code
[1.123s] -- Configured cppcheck include dirs: $<BUILD_INTERFACE:/home/yuta/CatchRobo2023/ros2_ws/src/inverse_kinematics_package/include>
[1.123s] -- Configured cppcheck exclude dirs and/or files: 
[1.124s] -- Added test 'lint_cmake' to check CMake code style
[1.126s] -- Added test 'uncrustify' to check C / C++ code style
[1.126s] -- Configured uncrustify additional arguments: 
[1.127s] -- Added test 'xmllint' to check XML markup files
[1.129s] -- Configuring done
[1.136s] -- Generating done
[1.137s] -- Build files have been written to: /home/yuta/CatchRobo2023/ros2_ws/build/inverse_kinematics_package
[1.142s] Invoked command in '/home/yuta/CatchRobo2023/ros2_ws/build/inverse_kinematics_package' returned '0': CMAKE_PREFIX_PATH=/opt/ros/humble /usr/bin/cmake /home/yuta/CatchRobo2023/ros2_ws/src/inverse_kinematics_package -DCMAKE_INSTALL_PREFIX=/home/yuta/CatchRobo2023/ros2_ws/install/inverse_kinematics_package
[1.143s] Invoking command in '/home/yuta/CatchRobo2023/ros2_ws/build/inverse_kinematics_package': CMAKE_PREFIX_PATH=/opt/ros/humble /usr/bin/cmake --build /home/yuta/CatchRobo2023/ros2_ws/build/inverse_kinematics_package -- -j4 -l4
[1.197s] [ 50%] [32mBuilding CXX object CMakeFiles/inverse_kinematics_node.dir/src/inverse_kinematics_node.cpp.o[0m
[1.251s] [100%] [32m[1mLinking CXX executable inverse_kinematics_node[0m
[1.302s] [100%] Built target inverse_kinematics_node
[1.314s] Invoked command in '/home/yuta/CatchRobo2023/ros2_ws/build/inverse_kinematics_package' returned '0': CMAKE_PREFIX_PATH=/opt/ros/humble /usr/bin/cmake --build /home/yuta/CatchRobo2023/ros2_ws/build/inverse_kinematics_package -- -j4 -l4
[1.353s] Invoking command in '/home/yuta/CatchRobo2023/ros2_ws/build/inverse_kinematics_package': CMAKE_PREFIX_PATH=/opt/ros/humble /usr/bin/cmake --install /home/yuta/CatchRobo2023/ros2_ws/build/inverse_kinematics_package
[1.362s] -- Install configuration: ""
[1.362s] -- Installing: /home/yuta/CatchRobo2023/ros2_ws/install/inverse_kinematics_package/lib/inverse_kinematics_package/inverse_kinematics_node
[1.362s] -- Installing: /home/yuta/CatchRobo2023/ros2_ws/install/inverse_kinematics_package/share/ament_index/resource_index/package_run_dependencies/inverse_kinematics_package
[1.362s] -- Installing: /home/yuta/CatchRobo2023/ros2_ws/install/inverse_kinematics_package/share/ament_index/resource_index/parent_prefix_path/inverse_kinematics_package
[1.363s] -- Installing: /home/yuta/CatchRobo2023/ros2_ws/install/inverse_kinematics_package/share/inverse_kinematics_package/environment/ament_prefix_path.sh
[1.363s] -- Installing: /home/yuta/CatchRobo2023/ros2_ws/install/inverse_kinematics_package/share/inverse_kinematics_package/environment/ament_prefix_path.dsv
[1.363s] -- Installing: /home/yuta/CatchRobo2023/ros2_ws/install/inverse_kinematics_package/share/inverse_kinematics_package/environment/path.sh
[1.363s] -- Installing: /home/yuta/CatchRobo2023/ros2_ws/install/inverse_kinematics_package/share/inverse_kinematics_package/environment/path.dsv
[1.363s] -- Installing: /home/yuta/CatchRobo2023/ros2_ws/install/inverse_kinematics_package/share/inverse_kinematics_package/local_setup.bash
[1.363s] -- Installing: /home/yuta/CatchRobo2023/ros2_ws/install/inverse_kinematics_package/share/inverse_kinematics_package/local_setup.sh
[1.364s] -- Installing: /home/yuta/CatchRobo2023/ros2_ws/install/inverse_kinematics_package/share/inverse_kinematics_package/local_setup.zsh
[1.364s] -- Installing: /home/yuta/CatchRobo2023/ros2_ws/install/inverse_kinematics_package/share/inverse_kinematics_package/local_setup.dsv
[1.364s] -- Installing: /home/yuta/CatchRobo2023/ros2_ws/install/inverse_kinematics_package/share/inverse_kinematics_package/package.dsv
[1.364s] -- Installing: /home/yuta/CatchRobo2023/ros2_ws/install/inverse_kinematics_package/share/ament_index/resource_index/packages/inverse_kinematics_package
[1.364s] -- Installing: /home/yuta/CatchRobo2023/ros2_ws/install/inverse_kinematics_package/share/inverse_kinematics_package/cmake/inverse_kinematics_packageConfig.cmake
[1.364s] -- Installing: /home/yuta/CatchRobo2023/ros2_ws/install/inverse_kinematics_package/share/inverse_kinematics_package/cmake/inverse_kinematics_packageConfig-version.cmake
[1.365s] -- Installing: /home/yuta/CatchRobo2023/ros2_ws/install/inverse_kinematics_package/share/inverse_kinematics_package/package.xml
[1.368s] Invoked command in '/home/yuta/CatchRobo2023/ros2_ws/build/inverse_kinematics_package' returned '0': CMAKE_PREFIX_PATH=/opt/ros/humble /usr/bin/cmake --install /home/yuta/CatchRobo2023/ros2_ws/build/inverse_kinematics_package
