[0.797s] DEBUG:colcon:Command line arguments: ['/usr/bin/colcon', 'build']
[0.797s] DEBUG:colcon:Parsed command line arguments: Namespace(log_base=None, log_level=None, verb_name='build', build_base='build', install_base='install', merge_install=False, symlink_install=False, test_result_base=None, continue_on_error=False, executor='parallel', parallel_workers=24, event_handlers=None, ignore_user_meta=False, metas=['./colcon.meta'], base_paths=['.'], packages_ignore=None, packages_ignore_regex=None, paths=None, packages_up_to=None, packages_up_to_regex=None, packages_above=None, packages_above_and_dependencies=None, packages_above_depth=None, packages_select_by_dep=None, packages_skip_by_dep=None, packages_skip_up_to=None, packages_select_build_failed=False, packages_skip_build_finished=False, packages_select_test_failures=False, packages_skip_test_passed=False, packages_select=None, packages_skip=None, packages_select_regex=None, packages_skip_regex=None, packages_start=None, packages_end=None, allow_overriding=[], cmake_args=None, cmake_target=None, cmake_target_skip_unavailable=False, cmake_clean_cache=False, cmake_clean_first=False, cmake_force_configure=False, ament_cmake_args=None, catkin_cmake_args=None, catkin_skip_building_tests=False, verb_parser=<colcon_defaults.argument_parser.defaults.DefaultArgumentsDecorator object at 0x7eff10044ac0>, verb_extension=<colcon_core.verb.build.BuildVerb object at 0x7eff1016fb80>, main=<bound method BuildVerb.main of <colcon_core.verb.build.BuildVerb object at 0x7eff1016fb80>>)
[0.855s] Level 1:colcon.colcon_core.package_discovery:discover_packages(colcon_meta) check parameters
[0.855s] Level 1:colcon.colcon_core.package_discovery:discover_packages(recursive) check parameters
[0.855s] Level 1:colcon.colcon_core.package_discovery:discover_packages(ignore) check parameters
[0.855s] Level 1:colcon.colcon_core.package_discovery:discover_packages(path) check parameters
[0.855s] Level 1:colcon.colcon_core.package_discovery:discover_packages(colcon_meta) discover
[0.855s] Level 1:colcon.colcon_core.package_discovery:discover_packages(recursive) discover
[0.855s] INFO:colcon.colcon_core.package_discovery:Crawling recursively for packages in '/home/yoshi/CatchRobo2023/ros2_ws'
[0.855s] Level 1:colcon.colcon_core.package_identification:_identify(.) by extensions ['ignore', 'ignore_ament_install']
[0.855s] Level 1:colcon.colcon_core.package_identification:_identify(.) by extension 'ignore'
[0.855s] Level 1:colcon.colcon_core.package_identification:_identify(.) by extension 'ignore_ament_install'
[0.855s] Level 1:colcon.colcon_core.package_identification:_identify(.) by extensions ['colcon_pkg']
[0.855s] Level 1:colcon.colcon_core.package_identification:_identify(.) by extension 'colcon_pkg'
[0.855s] Level 1:colcon.colcon_core.package_identification:_identify(.) by extensions ['colcon_meta']
[0.855s] Level 1:colcon.colcon_core.package_identification:_identify(.) by extension 'colcon_meta'
[0.855s] Level 1:colcon.colcon_core.package_identification:_identify(.) by extensions ['ros']
[0.855s] Level 1:colcon.colcon_core.package_identification:_identify(.) by extension 'ros'
[0.871s] Level 1:colcon.colcon_core.package_identification:_identify(.) by extensions ['cmake', 'python']
[0.871s] Level 1:colcon.colcon_core.package_identification:_identify(.) by extension 'cmake'
[0.871s] Level 1:colcon.colcon_core.package_identification:_identify(.) by extension 'python'
[0.871s] Level 1:colcon.colcon_core.package_identification:_identify(.) by extensions ['python_setup_py']
[0.871s] Level 1:colcon.colcon_core.package_identification:_identify(.) by extension 'python_setup_py'
[0.871s] Level 1:colcon.colcon_core.package_identification:_identify(build) by extensions ['ignore', 'ignore_ament_install']
[0.871s] Level 1:colcon.colcon_core.package_identification:_identify(build) by extension 'ignore'
[0.871s] Level 1:colcon.colcon_core.package_identification:_identify(build) ignored
[0.871s] Level 1:colcon.colcon_core.package_identification:_identify(install) by extensions ['ignore', 'ignore_ament_install']
[0.872s] Level 1:colcon.colcon_core.package_identification:_identify(install) by extension 'ignore'
[0.872s] Level 1:colcon.colcon_core.package_identification:_identify(install) ignored
[0.872s] Level 1:colcon.colcon_core.package_identification:_identify(log) by extensions ['ignore', 'ignore_ament_install']
[0.872s] Level 1:colcon.colcon_core.package_identification:_identify(log) by extension 'ignore'
[0.872s] Level 1:colcon.colcon_core.package_identification:_identify(log) ignored
[0.872s] Level 1:colcon.colcon_core.package_identification:_identify(practise) by extensions ['ignore', 'ignore_ament_install']
[0.872s] Level 1:colcon.colcon_core.package_identification:_identify(practise) by extension 'ignore'
[0.872s] Level 1:colcon.colcon_core.package_identification:_identify(practise) by extension 'ignore_ament_install'
[0.872s] Level 1:colcon.colcon_core.package_identification:_identify(practise) by extensions ['colcon_pkg']
[0.872s] Level 1:colcon.colcon_core.package_identification:_identify(practise) by extension 'colcon_pkg'
[0.872s] Level 1:colcon.colcon_core.package_identification:_identify(practise) by extensions ['colcon_meta']
[0.872s] Level 1:colcon.colcon_core.package_identification:_identify(practise) by extension 'colcon_meta'
[0.872s] Level 1:colcon.colcon_core.package_identification:_identify(practise) by extensions ['ros']
[0.872s] Level 1:colcon.colcon_core.package_identification:_identify(practise) by extension 'ros'
[0.872s] Level 1:colcon.colcon_core.package_identification:_identify(practise) by extensions ['cmake', 'python']
[0.872s] Level 1:colcon.colcon_core.package_identification:_identify(practise) by extension 'cmake'
[0.872s] Level 1:colcon.colcon_core.package_identification:_identify(practise) by extension 'python'
[0.872s] Level 1:colcon.colcon_core.package_identification:_identify(practise) by extensions ['python_setup_py']
[0.872s] Level 1:colcon.colcon_core.package_identification:_identify(practise) by extension 'python_setup_py'
[0.872s] Level 1:colcon.colcon_core.package_identification:_identify(practise/build) by extensions ['ignore', 'ignore_ament_install']
[0.872s] Level 1:colcon.colcon_core.package_identification:_identify(practise/build) by extension 'ignore'
[0.872s] Level 1:colcon.colcon_core.package_identification:_identify(practise/build) ignored
[0.872s] Level 1:colcon.colcon_core.package_identification:_identify(practise/install) by extensions ['ignore', 'ignore_ament_install']
[0.872s] Level 1:colcon.colcon_core.package_identification:_identify(practise/install) by extension 'ignore'
[0.873s] Level 1:colcon.colcon_core.package_identification:_identify(practise/install) ignored
[0.873s] Level 1:colcon.colcon_core.package_identification:_identify(practise/log) by extensions ['ignore', 'ignore_ament_install']
[0.873s] Level 1:colcon.colcon_core.package_identification:_identify(practise/log) by extension 'ignore'
[0.873s] Level 1:colcon.colcon_core.package_identification:_identify(practise/log) ignored
[0.873s] Level 1:colcon.colcon_core.package_identification:_identify(practise/src) by extensions ['ignore', 'ignore_ament_install']
[0.873s] Level 1:colcon.colcon_core.package_identification:_identify(practise/src) by extension 'ignore'
[0.873s] Level 1:colcon.colcon_core.package_identification:_identify(practise/src) by extension 'ignore_ament_install'
[0.873s] Level 1:colcon.colcon_core.package_identification:_identify(practise/src) by extensions ['colcon_pkg']
[0.873s] Level 1:colcon.colcon_core.package_identification:_identify(practise/src) by extension 'colcon_pkg'
[0.873s] Level 1:colcon.colcon_core.package_identification:_identify(practise/src) by extensions ['colcon_meta']
[0.873s] Level 1:colcon.colcon_core.package_identification:_identify(practise/src) by extension 'colcon_meta'
[0.873s] Level 1:colcon.colcon_core.package_identification:_identify(practise/src) by extensions ['ros']
[0.873s] Level 1:colcon.colcon_core.package_identification:_identify(practise/src) by extension 'ros'
[0.873s] Level 1:colcon.colcon_core.package_identification:_identify(practise/src) by extensions ['cmake', 'python']
[0.873s] Level 1:colcon.colcon_core.package_identification:_identify(practise/src) by extension 'cmake'
[0.873s] Level 1:colcon.colcon_core.package_identification:_identify(practise/src) by extension 'python'
[0.873s] Level 1:colcon.colcon_core.package_identification:_identify(practise/src) by extensions ['python_setup_py']
[0.873s] Level 1:colcon.colcon_core.package_identification:_identify(practise/src) by extension 'python_setup_py'
[0.873s] Level 1:colcon.colcon_core.package_identification:_identify(src) by extensions ['ignore', 'ignore_ament_install']
[0.873s] Level 1:colcon.colcon_core.package_identification:_identify(src) by extension 'ignore'
[0.873s] Level 1:colcon.colcon_core.package_identification:_identify(src) by extension 'ignore_ament_install'
[0.873s] Level 1:colcon.colcon_core.package_identification:_identify(src) by extensions ['colcon_pkg']
[0.873s] Level 1:colcon.colcon_core.package_identification:_identify(src) by extension 'colcon_pkg'
[0.873s] Level 1:colcon.colcon_core.package_identification:_identify(src) by extensions ['colcon_meta']
[0.873s] Level 1:colcon.colcon_core.package_identification:_identify(src) by extension 'colcon_meta'
[0.873s] Level 1:colcon.colcon_core.package_identification:_identify(src) by extensions ['ros']
[0.873s] Level 1:colcon.colcon_core.package_identification:_identify(src) by extension 'ros'
[0.874s] Level 1:colcon.colcon_core.package_identification:_identify(src) by extensions ['cmake', 'python']
[0.874s] Level 1:colcon.colcon_core.package_identification:_identify(src) by extension 'cmake'
[0.874s] Level 1:colcon.colcon_core.package_identification:_identify(src) by extension 'python'
[0.874s] Level 1:colcon.colcon_core.package_identification:_identify(src) by extensions ['python_setup_py']
[0.874s] Level 1:colcon.colcon_core.package_identification:_identify(src) by extension 'python_setup_py'
[0.874s] Level 1:colcon.colcon_core.package_identification:_identify(src/inverse_kinematics_package) by extensions ['ignore', 'ignore_ament_install']
[0.874s] Level 1:colcon.colcon_core.package_identification:_identify(src/inverse_kinematics_package) by extension 'ignore'
[0.874s] Level 1:colcon.colcon_core.package_identification:_identify(src/inverse_kinematics_package) by extension 'ignore_ament_install'
[0.874s] Level 1:colcon.colcon_core.package_identification:_identify(src/inverse_kinematics_package) by extensions ['colcon_pkg']
[0.874s] Level 1:colcon.colcon_core.package_identification:_identify(src/inverse_kinematics_package) by extension 'colcon_pkg'
[0.874s] Level 1:colcon.colcon_core.package_identification:_identify(src/inverse_kinematics_package) by extensions ['colcon_meta']
[0.874s] Level 1:colcon.colcon_core.package_identification:_identify(src/inverse_kinematics_package) by extension 'colcon_meta'
[0.874s] Level 1:colcon.colcon_core.package_identification:_identify(src/inverse_kinematics_package) by extensions ['ros']
[0.874s] Level 1:colcon.colcon_core.package_identification:_identify(src/inverse_kinematics_package) by extension 'ros'
[0.877s] DEBUG:colcon.colcon_core.package_identification:Package 'src/inverse_kinematics_package' with type 'ros.ament_cmake' and name 'inverse_kinematics_package'
[0.877s] Level 1:colcon.colcon_core.package_discovery:discover_packages(recursive) using defaults
[0.877s] Level 1:colcon.colcon_core.package_discovery:discover_packages(ignore) discover
[0.877s] Level 1:colcon.colcon_core.package_discovery:discover_packages(ignore) using defaults
[0.877s] Level 1:colcon.colcon_core.package_discovery:discover_packages(path) discover
[0.877s] Level 1:colcon.colcon_core.package_discovery:discover_packages(path) using defaults
[0.922s] Level 1:colcon.colcon_core.package_discovery:discover_packages(prefix_path) check parameters
[0.922s] Level 1:colcon.colcon_core.package_discovery:discover_packages(prefix_path) discover
[0.966s] DEBUG:colcon.colcon_installed_package_information.package_discovery:Found 344 installed packages in /home/yoshi/ros2_humble/install
[0.969s] DEBUG:colcon.colcon_installed_package_information.package_discovery:Found 74 installed packages in /opt/ros/humble
[0.970s] Level 1:colcon.colcon_core.package_discovery:discover_packages(prefix_path) using defaults
[1.475s] Level 5:colcon.colcon_core.verb:set package 'inverse_kinematics_package' build argument 'cmake_args' from command line to 'None'
[1.475s] Level 5:colcon.colcon_core.verb:set package 'inverse_kinematics_package' build argument 'cmake_target' from command line to 'None'
[1.475s] Level 5:colcon.colcon_core.verb:set package 'inverse_kinematics_package' build argument 'cmake_target_skip_unavailable' from command line to 'False'
[1.475s] Level 5:colcon.colcon_core.verb:set package 'inverse_kinematics_package' build argument 'cmake_clean_cache' from command line to 'False'
[1.475s] Level 5:colcon.colcon_core.verb:set package 'inverse_kinematics_package' build argument 'cmake_clean_first' from command line to 'False'
[1.475s] Level 5:colcon.colcon_core.verb:set package 'inverse_kinematics_package' build argument 'cmake_force_configure' from command line to 'False'
[1.475s] Level 5:colcon.colcon_core.verb:set package 'inverse_kinematics_package' build argument 'ament_cmake_args' from command line to 'None'
[1.475s] Level 5:colcon.colcon_core.verb:set package 'inverse_kinematics_package' build argument 'catkin_cmake_args' from command line to 'None'
[1.475s] Level 5:colcon.colcon_core.verb:set package 'inverse_kinematics_package' build argument 'catkin_skip_building_tests' from command line to 'False'
[1.475s] DEBUG:colcon.colcon_core.verb:Building package 'inverse_kinematics_package' with the following arguments: {'ament_cmake_args': None, 'build_base': '/home/yoshi/CatchRobo2023/ros2_ws/build/inverse_kinematics_package', 'catkin_cmake_args': None, 'catkin_skip_building_tests': False, 'cmake_args': None, 'cmake_clean_cache': False, 'cmake_clean_first': False, 'cmake_force_configure': False, 'cmake_target': None, 'cmake_target_skip_unavailable': False, 'install_base': '/home/yoshi/CatchRobo2023/ros2_ws/install/inverse_kinematics_package', 'merge_install': False, 'path': '/home/yoshi/CatchRobo2023/ros2_ws/src/inverse_kinematics_package', 'symlink_install': False, 'test_result_base': None}
[1.476s] INFO:colcon.colcon_core.executor:Executing jobs using 'parallel' executor
[1.479s] DEBUG:colcon.colcon_parallel_executor.executor.parallel:run_until_complete
[1.479s] INFO:colcon.colcon_ros.task.ament_cmake.build:Building ROS package in '/home/yoshi/CatchRobo2023/ros2_ws/src/inverse_kinematics_package' with build type 'ament_cmake'
[1.479s] INFO:colcon.colcon_cmake.task.cmake.build:Building CMake package in '/home/yoshi/CatchRobo2023/ros2_ws/src/inverse_kinematics_package'
[1.488s] INFO:colcon.colcon_core.plugin_system:Skipping extension 'colcon_core.shell.bat': Not used on non-Windows systems
[1.489s] INFO:colcon.colcon_core.shell:Skip shell extension 'powershell' for command environment: Not usable outside of PowerShell
[1.489s] DEBUG:colcon.colcon_core.shell:Skip shell extension 'dsv' for command environment
[1.510s] DEBUG:colcon.colcon_core.event_handler.log_command:Invoking command in '/home/yoshi/CatchRobo2023/ros2_ws/build/inverse_kinematics_package': CMAKE_PREFIX_PATH=${CMAKE_PREFIX_PATH}:/home/yoshi/ros2_humble/install/rqt_bag_plugins:/home/yoshi/ros2_humble/install/rqt_bag:/home/yoshi/ros2_humble/install/ros2bag:/home/yoshi/ros2_humble/install/tracetools_test:/home/yoshi/ros2_humble/install/tracetools_launch:/home/yoshi/ros2_humble/install/topic_monitor:/home/yoshi/ros2_humble/install/tf2_tools:/home/yoshi/ros2_humble/install/examples_tf2_py:/home/yoshi/ros2_humble/install/tf2_ros_py:/home/yoshi/ros2_humble/install/sros2:/home/yoshi/ros2_humble/install/rqt_topic:/home/yoshi/ros2_humble/install/rqt_srv:/home/yoshi/ros2_humble/install/rqt_shell:/home/yoshi/ros2_humble/install/rqt_service_caller:/home/yoshi/ros2_humble/install/rqt_reconfigure:/home/yoshi/ros2_humble/install/rqt_py_console:/home/yoshi/ros2_humble/install/rqt_publisher:/home/yoshi/ros2_humble/install/rqt_plot:/home/yoshi/ros2_humble/install/rqt_action:/home/yoshi/ros2_humble/install/rqt_msg:/home/yoshi/ros2_humble/install/rqt_console:/home/yoshi/ros2_humble/install/rqt:/home/yoshi/ros2_humble/install/rqt_graph:/home/yoshi/ros2_humble/install/rqt_gui_py:/home/yoshi/ros2_humble/install/rqt_gui:/home/yoshi/ros2_humble/install/ros2trace:/home/yoshi/ros2_humble/install/ros2topic:/home/yoshi/ros2_humble/install/ros2test:/home/yoshi/ros2_humble/install/ros2component:/home/yoshi/ros2_humble/install/ros2param:/home/yoshi/ros2_humble/install/ros2lifecycle:/home/yoshi/ros2_humble/install/ros2service:/home/yoshi/ros2_humble/install/ros2run:/home/yoshi/ros2_humble/install/ros2launch:/home/yoshi/ros2_humble/install/ros2pkg:/home/yoshi/ros2_humble/install/ros2node:/home/yoshi/ros2_humble/install/ros2multicast:/home/yoshi/ros2_humble/install/ros2interface:/home/yoshi/ros2_humble/install/ros2doctor:/home/yoshi/ros2_humble/install/ros2action:/home/yoshi/ros2_humble/install/ros2cli:/home/yoshi/ros2_humble/install/quality_of_service_demo_py:/home/yoshi/ros2_humble/install/lifecycle_py:/home/yoshi/ros2_humble/install/launch_testing_ros:/home/yoshi/ros2_humble/install/launch_ros:/home/yoshi/ros2_humble/install/examples_rclpy_pointcloud_publisher:/home/yoshi/ros2_humble/install/examples_rclpy_minimal_subscriber:/home/yoshi/ros2_humble/install/examples_rclpy_minimal_service:/home/yoshi/ros2_humble/install/examples_rclpy_minimal_publisher:/home/yoshi/ros2_humble/install/examples_rclpy_minimal_client:/home/yoshi/ros2_humble/install/examples_rclpy_minimal_action_server:/home/yoshi/ros2_humble/install/examples_rclpy_minimal_action_client:/home/yoshi/ros2_humble/install/examples_rclpy_guard_conditions:/home/yoshi/ros2_humble/install/examples_rclpy_executors:/home/yoshi/ros2_humble/install/demo_nodes_py:/home/yoshi/ros2_humble/install/action_tutorials_py:/home/yoshi/ros2_humble/install/ament_uncrustify:/home/yoshi/ros2_humble/install/tracetools_trace:/home/yoshi/ros2_humble/install/tracetools_read:/home/yoshi/ros2_humble/install/test_tracetools_launch:/home/yoshi/ros2_humble/install/test_launch_ros:/home/yoshi/ros2_humble/install/sensor_msgs_py:/home/yoshi/ros2_humble/install/rpyutils:/home/yoshi/ros2_humble/install/rosidl_runtime_py:/home/yoshi/ros2_humble/install/rosidl_cli:/home/yoshi/ros2_humble/install/launch_pytest:/home/yoshi/ros2_humble/install/launch_testing:/home/yoshi/ros2_humble/install/launch_yaml:/home/yoshi/ros2_humble/install/launch_xml:/home/yoshi/ros2_humble/install/launch:/home/yoshi/ros2_humble/install/osrf_pycommon:/home/yoshi/ros2_humble/install/launch_testing_examples:/home/yoshi/ros2_humble/install/domain_coordinator:/home/yoshi/ros2_humble/install/ament_xmllint:/home/yoshi/ros2_humble/install/ament_pyflakes:/home/yoshi/ros2_humble/install/ament_pycodestyle:/home/yoshi/ros2_humble/install/ament_pep257:/home/yoshi/ros2_humble/install/ament_pclint:/home/yoshi/ros2_humble/install/ament_package:/home/yoshi/ros2_humble/install/ament_mypy:/home/yoshi/ros2_humble/install/ament_lint_cmake:/home/yoshi/ros2_humble/install/ament_flake8:/home/yoshi/ros2_humble/install/ament_copyright:/home/yoshi/ros2_humble/install/ament_lint:/home/yoshi/ros2_humble/install/ament_index_python:/home/yoshi/ros2_humble/install/ament_cpplint:/home/yoshi/ros2_humble/install/ament_cppcheck:/home/yoshi/ros2_humble/install/ament_clang_tidy:/home/yoshi/ros2_humble/install/ament_clang_format:/opt/ros/humble /usr/bin/cmake --build /home/yoshi/CatchRobo2023/ros2_ws/build/inverse_kinematics_package -- -j24 -l24
[1.597s] DEBUG:colcon.colcon_core.event_handler.log_command:Invoked command in '/home/yoshi/CatchRobo2023/ros2_ws/build/inverse_kinematics_package' returned '2': CMAKE_PREFIX_PATH=${CMAKE_PREFIX_PATH}:/home/yoshi/ros2_humble/install/rqt_bag_plugins:/home/yoshi/ros2_humble/install/rqt_bag:/home/yoshi/ros2_humble/install/ros2bag:/home/yoshi/ros2_humble/install/tracetools_test:/home/yoshi/ros2_humble/install/tracetools_launch:/home/yoshi/ros2_humble/install/topic_monitor:/home/yoshi/ros2_humble/install/tf2_tools:/home/yoshi/ros2_humble/install/examples_tf2_py:/home/yoshi/ros2_humble/install/tf2_ros_py:/home/yoshi/ros2_humble/install/sros2:/home/yoshi/ros2_humble/install/rqt_topic:/home/yoshi/ros2_humble/install/rqt_srv:/home/yoshi/ros2_humble/install/rqt_shell:/home/yoshi/ros2_humble/install/rqt_service_caller:/home/yoshi/ros2_humble/install/rqt_reconfigure:/home/yoshi/ros2_humble/install/rqt_py_console:/home/yoshi/ros2_humble/install/rqt_publisher:/home/yoshi/ros2_humble/install/rqt_plot:/home/yoshi/ros2_humble/install/rqt_action:/home/yoshi/ros2_humble/install/rqt_msg:/home/yoshi/ros2_humble/install/rqt_console:/home/yoshi/ros2_humble/install/rqt:/home/yoshi/ros2_humble/install/rqt_graph:/home/yoshi/ros2_humble/install/rqt_gui_py:/home/yoshi/ros2_humble/install/rqt_gui:/home/yoshi/ros2_humble/install/ros2trace:/home/yoshi/ros2_humble/install/ros2topic:/home/yoshi/ros2_humble/install/ros2test:/home/yoshi/ros2_humble/install/ros2component:/home/yoshi/ros2_humble/install/ros2param:/home/yoshi/ros2_humble/install/ros2lifecycle:/home/yoshi/ros2_humble/install/ros2service:/home/yoshi/ros2_humble/install/ros2run:/home/yoshi/ros2_humble/install/ros2launch:/home/yoshi/ros2_humble/install/ros2pkg:/home/yoshi/ros2_humble/install/ros2node:/home/yoshi/ros2_humble/install/ros2multicast:/home/yoshi/ros2_humble/install/ros2interface:/home/yoshi/ros2_humble/install/ros2doctor:/home/yoshi/ros2_humble/install/ros2action:/home/yoshi/ros2_humble/install/ros2cli:/home/yoshi/ros2_humble/install/quality_of_service_demo_py:/home/yoshi/ros2_humble/install/lifecycle_py:/home/yoshi/ros2_humble/install/launch_testing_ros:/home/yoshi/ros2_humble/install/launch_ros:/home/yoshi/ros2_humble/install/examples_rclpy_pointcloud_publisher:/home/yoshi/ros2_humble/install/examples_rclpy_minimal_subscriber:/home/yoshi/ros2_humble/install/examples_rclpy_minimal_service:/home/yoshi/ros2_humble/install/examples_rclpy_minimal_publisher:/home/yoshi/ros2_humble/install/examples_rclpy_minimal_client:/home/yoshi/ros2_humble/install/examples_rclpy_minimal_action_server:/home/yoshi/ros2_humble/install/examples_rclpy_minimal_action_client:/home/yoshi/ros2_humble/install/examples_rclpy_guard_conditions:/home/yoshi/ros2_humble/install/examples_rclpy_executors:/home/yoshi/ros2_humble/install/demo_nodes_py:/home/yoshi/ros2_humble/install/action_tutorials_py:/home/yoshi/ros2_humble/install/ament_uncrustify:/home/yoshi/ros2_humble/install/tracetools_trace:/home/yoshi/ros2_humble/install/tracetools_read:/home/yoshi/ros2_humble/install/test_tracetools_launch:/home/yoshi/ros2_humble/install/test_launch_ros:/home/yoshi/ros2_humble/install/sensor_msgs_py:/home/yoshi/ros2_humble/install/rpyutils:/home/yoshi/ros2_humble/install/rosidl_runtime_py:/home/yoshi/ros2_humble/install/rosidl_cli:/home/yoshi/ros2_humble/install/launch_pytest:/home/yoshi/ros2_humble/install/launch_testing:/home/yoshi/ros2_humble/install/launch_yaml:/home/yoshi/ros2_humble/install/launch_xml:/home/yoshi/ros2_humble/install/launch:/home/yoshi/ros2_humble/install/osrf_pycommon:/home/yoshi/ros2_humble/install/launch_testing_examples:/home/yoshi/ros2_humble/install/domain_coordinator:/home/yoshi/ros2_humble/install/ament_xmllint:/home/yoshi/ros2_humble/install/ament_pyflakes:/home/yoshi/ros2_humble/install/ament_pycodestyle:/home/yoshi/ros2_humble/install/ament_pep257:/home/yoshi/ros2_humble/install/ament_pclint:/home/yoshi/ros2_humble/install/ament_package:/home/yoshi/ros2_humble/install/ament_mypy:/home/yoshi/ros2_humble/install/ament_lint_cmake:/home/yoshi/ros2_humble/install/ament_flake8:/home/yoshi/ros2_humble/install/ament_copyright:/home/yoshi/ros2_humble/install/ament_lint:/home/yoshi/ros2_humble/install/ament_index_python:/home/yoshi/ros2_humble/install/ament_cpplint:/home/yoshi/ros2_humble/install/ament_cppcheck:/home/yoshi/ros2_humble/install/ament_clang_tidy:/home/yoshi/ros2_humble/install/ament_clang_format:/opt/ros/humble /usr/bin/cmake --build /home/yoshi/CatchRobo2023/ros2_ws/build/inverse_kinematics_package -- -j24 -l24
[1.645s] Level 1:colcon.colcon_core.environment:create_environment_scripts_only(inverse_kinematics_package)
[1.655s] Level 1:colcon.colcon_core.environment:checking '/home/yoshi/CatchRobo2023/ros2_ws/install/inverse_kinematics_package' for CMake module files
[1.656s] Level 1:colcon.colcon_core.environment:checking '/home/yoshi/CatchRobo2023/ros2_ws/install/inverse_kinematics_package' for CMake config files
[1.656s] Level 1:colcon.colcon_core.shell:create_environment_hook('inverse_kinematics_package', 'cmake_prefix_path')
[1.657s] INFO:colcon.colcon_core.shell:Creating environment hook '/home/yoshi/CatchRobo2023/ros2_ws/install/inverse_kinematics_package/share/inverse_kinematics_package/hook/cmake_prefix_path.ps1'
[1.658s] INFO:colcon.colcon_core.shell:Creating environment descriptor '/home/yoshi/CatchRobo2023/ros2_ws/install/inverse_kinematics_package/share/inverse_kinematics_package/hook/cmake_prefix_path.dsv'
[1.658s] INFO:colcon.colcon_core.shell:Creating environment hook '/home/yoshi/CatchRobo2023/ros2_ws/install/inverse_kinematics_package/share/inverse_kinematics_package/hook/cmake_prefix_path.sh'
[1.659s] Level 1:colcon.colcon_core.environment:checking '/home/yoshi/CatchRobo2023/ros2_ws/install/inverse_kinematics_package/lib'
[1.659s] Level 1:colcon.colcon_core.environment:checking '/home/yoshi/CatchRobo2023/ros2_ws/install/inverse_kinematics_package/bin'
[1.659s] Level 1:colcon.colcon_core.environment:checking '/home/yoshi/CatchRobo2023/ros2_ws/install/inverse_kinematics_package/lib/pkgconfig/inverse_kinematics_package.pc'
[1.659s] Level 1:colcon.colcon_core.environment:checking '/home/yoshi/CatchRobo2023/ros2_ws/install/inverse_kinematics_package/lib/python3.10/site-packages'
[1.660s] Level 1:colcon.colcon_core.environment:checking '/home/yoshi/CatchRobo2023/ros2_ws/install/inverse_kinematics_package/bin'
[1.661s] INFO:colcon.colcon_core.shell:Creating package script '/home/yoshi/CatchRobo2023/ros2_ws/install/inverse_kinematics_package/share/inverse_kinematics_package/package.ps1'
[1.662s] INFO:colcon.colcon_core.shell:Creating package descriptor '/home/yoshi/CatchRobo2023/ros2_ws/install/inverse_kinematics_package/share/inverse_kinematics_package/package.dsv'
[1.662s] INFO:colcon.colcon_core.shell:Creating package script '/home/yoshi/CatchRobo2023/ros2_ws/install/inverse_kinematics_package/share/inverse_kinematics_package/package.sh'
[1.663s] INFO:colcon.colcon_core.shell:Creating package script '/home/yoshi/CatchRobo2023/ros2_ws/install/inverse_kinematics_package/share/inverse_kinematics_package/package.bash'
[1.663s] INFO:colcon.colcon_core.shell:Creating package script '/home/yoshi/CatchRobo2023/ros2_ws/install/inverse_kinematics_package/share/inverse_kinematics_package/package.zsh'
[1.664s] Level 1:colcon.colcon_core.environment:create_file_with_runtime_dependencies(/home/yoshi/CatchRobo2023/ros2_ws/install/inverse_kinematics_package/share/colcon-core/packages/inverse_kinematics_package)
[1.675s] DEBUG:colcon.colcon_parallel_executor.executor.parallel:closing loop
[1.675s] DEBUG:colcon.colcon_parallel_executor.executor.parallel:loop closed
[1.675s] DEBUG:colcon.colcon_parallel_executor.executor.parallel:run_until_complete finished with '2'
[1.675s] DEBUG:colcon.colcon_core.event_reactor:joining thread
[1.687s] INFO:colcon.colcon_core.plugin_system:Skipping extension 'colcon_notification.desktop_notification.terminal_notifier': Not used on non-Darwin systems
[1.687s] INFO:colcon.colcon_core.plugin_system:Skipping extension 'colcon_notification.desktop_notification.win32': Not used on non-Windows systems
[1.687s] INFO:colcon.colcon_notification.desktop_notification:Sending desktop notification using 'notify2'
[1.687s] DEBUG:colcon.colcon_notification.desktop_notification.notify2:Failed to initialize notify2: org.freedesktop.DBus.Error.FileNotFound: Failed to connect to socket /run/user/1000/bus: No such file or directory
[1.688s] DEBUG:colcon.colcon_core.event_reactor:joined thread
[1.689s] INFO:colcon.colcon_core.shell:Creating prefix script '/home/yoshi/CatchRobo2023/ros2_ws/install/local_setup.ps1'
[1.690s] INFO:colcon.colcon_core.shell:Creating prefix util module '/home/yoshi/CatchRobo2023/ros2_ws/install/_local_setup_util_ps1.py'
[1.691s] INFO:colcon.colcon_core.shell:Creating prefix chain script '/home/yoshi/CatchRobo2023/ros2_ws/install/setup.ps1'
[1.696s] INFO:colcon.colcon_core.shell:Creating prefix script '/home/yoshi/CatchRobo2023/ros2_ws/install/local_setup.sh'
[1.696s] INFO:colcon.colcon_core.shell:Creating prefix util module '/home/yoshi/CatchRobo2023/ros2_ws/install/_local_setup_util_sh.py'
[1.697s] INFO:colcon.colcon_core.shell:Creating prefix chain script '/home/yoshi/CatchRobo2023/ros2_ws/install/setup.sh'
[1.702s] INFO:colcon.colcon_core.shell:Creating prefix script '/home/yoshi/CatchRobo2023/ros2_ws/install/local_setup.bash'
[1.702s] INFO:colcon.colcon_core.shell:Creating prefix chain script '/home/yoshi/CatchRobo2023/ros2_ws/install/setup.bash'
[1.707s] INFO:colcon.colcon_core.shell:Creating prefix script '/home/yoshi/CatchRobo2023/ros2_ws/install/local_setup.zsh'
[1.708s] INFO:colcon.colcon_core.shell:Creating prefix chain script '/home/yoshi/CatchRobo2023/ros2_ws/install/setup.zsh'
